<?xml version="1.0" encoding="UTF-8"?>
<!-- Generated by org.testng.reporters.JUnitReportReporter -->
<testsuite hostname="DESKTOP-N6MAURJ" failures="0" tests="13" name="TestCases.TC_textField" time="41.415" errors="0" timestamp="2023-04-11T15:44:50 CEST" skipped="0">
  <testcase classname="TestCases.TC_textField" name="validatingTextField" time="3.001"/>
  <system-out>
    <![CDATA[Entering Name]]>
  </system-out>
  <testcase classname="TestCases.TC_textField" name="validatingCompanyField" time="2.123"/>
  <system-out>
    <![CDATA[Entering company name]]>
  </system-out>
  <testcase classname="TestCases.TC_textField" name="validatingEmailField" time="2.079"/>
  <system-out>
    <![CDATA[Entering Email]]>
  </system-out>
  <testcase classname="TestCases.TC_textField" name="validatingNoField" time="2.064"/>
  <system-out>
    <![CDATA[Entering number]]>
  </system-out>
  <testcase classname="TestCases.TC_textField" name="validatingIndustryDropDown" time="3.015"/>
  <system-out/>
  <testcase classname="TestCases.TC_textField" name="validatingProjectDropDown" time="3.163"/>
  <system-out/>
  <testcase classname="TestCases.TC_textField" name="validatingProgramDropDown" time="3.058"/>
  <system-out/>
  <testcase classname="TestCases.TC_textField" name="validatingCheckBox" time="2.219"/>
  <system-out/>
  <testcase classname="TestCases.TC_textField" name="validatingBudgetDropDown" time="3.824"/>
  <system-out/>
  <testcase classname="TestCases.TC_textField" name="validatingTimelineDropDown" time="3.878"/>
  <system-out/>
  <testcase classname="TestCases.TC_textField" name="validatingContentDropDown" time="4.648"/>
  <system-out/>
  <testcase classname="TestCases.TC_textField" name="validatingApprovalDropDown" time="4.374"/>
  <system-out/>
  <testcase classname="TestCases.TC_textField" name="validatingMessageField" time="3.969"/>
  <system-out/>
</testsuite> <!-- TestCases.TC_textField -->
